

Started GET "/" for 127.0.0.1 at 2015-02-04 02:32:53 -0500

PG::ConnectionBad (could not connect to server: No such file or directory
	Is the server running locally and accepting
	connections on Unix domain socket "/tmp/.s.PGSQL.5432"?
):
  activerecord (4.1.8) lib/active_record/connection_adapters/postgresql_adapter.rb:888:in `initialize'
  activerecord (4.1.8) lib/active_record/connection_adapters/postgresql_adapter.rb:888:in `new'
  activerecord (4.1.8) lib/active_record/connection_adapters/postgresql_adapter.rb:888:in `connect'
  activerecord (4.1.8) lib/active_record/connection_adapters/postgresql_adapter.rb:568:in `initialize'
  activerecord (4.1.8) lib/active_record/connection_adapters/postgresql_adapter.rb:41:in `new'
  activerecord (4.1.8) lib/active_record/connection_adapters/postgresql_adapter.rb:41:in `postgresql_connection'
  activerecord (4.1.8) lib/active_record/connection_adapters/abstract/connection_pool.rb:435:in `new_connection'
  activerecord (4.1.8) lib/active_record/connection_adapters/abstract/connection_pool.rb:445:in `checkout_new_connection'
  activerecord (4.1.8) lib/active_record/connection_adapters/abstract/connection_pool.rb:416:in `acquire_connection'
  activerecord (4.1.8) lib/active_record/connection_adapters/abstract/connection_pool.rb:351:in `block in checkout'
  /Users/isawyer/.rvm/rubies/ruby-2.2.0/lib/ruby/2.2.0/monitor.rb:211:in `mon_synchronize'
  activerecord (4.1.8) lib/active_record/connection_adapters/abstract/connection_pool.rb:350:in `checkout'
  activerecord (4.1.8) lib/active_record/connection_adapters/abstract/connection_pool.rb:265:in `block in connection'
  /Users/isawyer/.rvm/rubies/ruby-2.2.0/lib/ruby/2.2.0/monitor.rb:211:in `mon_synchronize'
  activerecord (4.1.8) lib/active_record/connection_adapters/abstract/connection_pool.rb:264:in `connection'
  activerecord (4.1.8) lib/active_record/connection_adapters/abstract/connection_pool.rb:541:in `retrieve_connection'
  activerecord (4.1.8) lib/active_record/connection_handling.rb:113:in `retrieve_connection'
  activerecord (4.1.8) lib/active_record/connection_handling.rb:87:in `connection'
  activerecord (4.1.8) lib/active_record/migration.rb:388:in `check_pending!'
  activerecord (4.1.8) lib/active_record/migration.rb:377:in `call'
  actionpack (4.1.8) lib/action_dispatch/middleware/callbacks.rb:29:in `block in call'
  activesupport (4.1.8) lib/active_support/callbacks.rb:82:in `run_callbacks'
  actionpack (4.1.8) lib/action_dispatch/middleware/callbacks.rb:27:in `call'
  actionpack (4.1.8) lib/action_dispatch/middleware/reloader.rb:73:in `call'
  actionpack (4.1.8) lib/action_dispatch/middleware/remote_ip.rb:76:in `call'
  actionpack (4.1.8) lib/action_dispatch/middleware/debug_exceptions.rb:17:in `call'
  actionpack (4.1.8) lib/action_dispatch/middleware/show_exceptions.rb:30:in `call'
  railties (4.1.8) lib/rails/rack/logger.rb:38:in `call_app'
  railties (4.1.8) lib/rails/rack/logger.rb:20:in `block in call'
  activesupport (4.1.8) lib/active_support/tagged_logging.rb:68:in `block in tagged'
  activesupport (4.1.8) lib/active_support/tagged_logging.rb:26:in `tagged'
  activesupport (4.1.8) lib/active_support/tagged_logging.rb:68:in `tagged'
  railties (4.1.8) lib/rails/rack/logger.rb:20:in `call'
  actionpack (4.1.8) lib/action_dispatch/middleware/request_id.rb:21:in `call'
  rack (1.5.2) lib/rack/methodoverride.rb:21:in `call'
  rack (1.5.2) lib/rack/runtime.rb:17:in `call'
  activesupport (4.1.8) lib/active_support/cache/strategy/local_cache_middleware.rb:26:in `call'
  rack (1.5.2) lib/rack/lock.rb:17:in `call'
  actionpack (4.1.8) lib/action_dispatch/middleware/static.rb:84:in `call'
  rack (1.5.2) lib/rack/sendfile.rb:112:in `call'
  railties (4.1.8) lib/rails/engine.rb:514:in `call'
  railties (4.1.8) lib/rails/application.rb:144:in `call'
  puma (2.9.1) lib/puma/rack_patch.rb:13:in `call'
  puma (2.9.1) lib/puma/configuration.rb:71:in `call'
  puma (2.9.1) lib/puma/server.rb:490:in `handle_request'
  puma (2.9.1) lib/puma/server.rb:361:in `process_client'
  puma (2.9.1) lib/puma/server.rb:254:in `block in run'
  puma (2.9.1) lib/puma/thread_pool.rb:92:in `call'
  puma (2.9.1) lib/puma/thread_pool.rb:92:in `block in spawn_thread'


  Rendered /Users/isawyer/.rvm/gems/ruby-2.2.0/gems/actionpack-4.1.8/lib/action_dispatch/middleware/templates/rescues/_source.erb (1.1ms)
  Rendered /Users/isawyer/.rvm/gems/ruby-2.2.0/gems/actionpack-4.1.8/lib/action_dispatch/middleware/templates/rescues/_trace.html.erb (2.0ms)
  Rendered /Users/isawyer/.rvm/gems/ruby-2.2.0/gems/actionpack-4.1.8/lib/action_dispatch/middleware/templates/rescues/_request_and_response.html.erb (1.8ms)
  Rendered /Users/isawyer/.rvm/gems/ruby-2.2.0/gems/actionpack-4.1.8/lib/action_dispatch/middleware/templates/rescues/diagnostics.erb within rescues/layout (135.1ms)
  [1m[36m (4.4ms)[0m  [1mCREATE TABLE "schema_migrations" ("version" character varying(255) NOT NULL) [0m
  [1m[35m (3.6ms)[0m  CREATE UNIQUE INDEX  "unique_schema_migrations" ON "schema_migrations"  ("version")
  [1m[36mActiveRecord::SchemaMigration Load (0.6ms)[0m  [1mSELECT "schema_migrations".* FROM "schema_migrations"[0m
Migrating to CreateWidgets (20140707111715)
  [1m[35m (0.2ms)[0m  BEGIN
  [1m[36m (8.5ms)[0m  [1mCREATE TABLE "widgets" ("id" serial primary key, "name" character varying(255), "description" text, "stock" integer, "created_at" timestamp, "updated_at" timestamp) [0m
  [1m[35mSQL (0.4ms)[0m  INSERT INTO "schema_migrations" ("version") VALUES ($1)  [["version", "20140707111715"]]
  [1m[36m (1.2ms)[0m  [1mCOMMIT[0m
  [1m[35mActiveRecord::SchemaMigration Load (0.3ms)[0m  SELECT "schema_migrations".* FROM "schema_migrations"


Started GET "/" for 127.0.0.1 at 2015-02-04 02:34:03 -0500
  [1m[36mActiveRecord::SchemaMigration Load (0.8ms)[0m  [1mSELECT "schema_migrations".* FROM "schema_migrations"[0m
Processing by WelcomeController#index as HTML
  Rendered welcome/index.erb within layouts/application (2.6ms)
Completed 200 OK in 1355ms (Views: 1339.9ms | ActiveRecord: 0.0ms)


Started GET "/assets/welcome.css?body=1" for 127.0.0.1 at 2015-02-04 02:34:04 -0500


Started GET "/assets/widgets.css?body=1" for 127.0.0.1 at 2015-02-04 02:34:05 -0500


Started GET "/assets/scaffolds.css?body=1" for 127.0.0.1 at 2015-02-04 02:34:05 -0500


Started GET "/assets/application.css?body=1" for 127.0.0.1 at 2015-02-04 02:34:05 -0500


Started GET "/assets/turbolinks.js?body=1" for 127.0.0.1 at 2015-02-04 02:34:05 -0500


Started GET "/assets/jquery.js?body=1" for 127.0.0.1 at 2015-02-04 02:34:05 -0500


Started GET "/assets/welcome.js?body=1" for 127.0.0.1 at 2015-02-04 02:34:05 -0500


Started GET "/assets/application.js?body=1" for 127.0.0.1 at 2015-02-04 02:34:05 -0500


Started GET "/assets/widgets.js?body=1" for 127.0.0.1 at 2015-02-04 02:34:05 -0500


Started GET "/assets/jquery_ujs.js?body=1" for 127.0.0.1 at 2015-02-04 02:34:05 -0500


Started GET "/" for 127.0.0.1 at 2015-02-04 02:36:32 -0500
  [1m[36mActiveRecord::SchemaMigration Load (0.8ms)[0m  [1mSELECT "schema_migrations".* FROM "schema_migrations"[0m
Processing by WelcomeController#index as HTML
  Rendered welcome/index.erb within layouts/application (4.2ms)
Completed 200 OK in 186ms (Views: 169.8ms | ActiveRecord: 0.0ms)


Started GET "/assets/scaffolds.css?body=1" for 127.0.0.1 at 2015-02-04 02:36:33 -0500


Started GET "/assets/welcome.css?body=1" for 127.0.0.1 at 2015-02-04 02:36:33 -0500


Started GET "/assets/widgets.css?body=1" for 127.0.0.1 at 2015-02-04 02:36:33 -0500


Started GET "/assets/application.css?body=1" for 127.0.0.1 at 2015-02-04 02:36:33 -0500


Started GET "/assets/jquery_ujs.js?body=1" for 127.0.0.1 at 2015-02-04 02:36:33 -0500


Started GET "/" for 127.0.0.1 at 2015-02-04 02:36:33 -0500
Processing by WelcomeController#index as HTML
  Rendered welcome/index.erb within layouts/application (0.2ms)
Completed 200 OK in 95ms (Views: 93.6ms | ActiveRecord: 0.0ms)


Started GET "/assets/turbolinks.js?body=1" for 127.0.0.1 at 2015-02-04 02:36:33 -0500


Started GET "/assets/welcome.js?body=1" for 127.0.0.1 at 2015-02-04 02:36:33 -0500


Started GET "/assets/widgets.js?body=1" for 127.0.0.1 at 2015-02-04 02:36:33 -0500


Started GET "/assets/application.js?body=1" for 127.0.0.1 at 2015-02-04 02:36:33 -0500


Started GET "/assets/welcome.js?body=1" for 127.0.0.1 at 2015-02-04 02:36:33 -0500


Started GET "/assets/scaffolds.css?body=1" for 127.0.0.1 at 2015-02-04 02:36:33 -0500


Started GET "/assets/welcome.css?body=1" for 127.0.0.1 at 2015-02-04 02:36:33 -0500


Started GET "/assets/widgets.css?body=1" for 127.0.0.1 at 2015-02-04 02:36:33 -0500


Started GET "/assets/application.css?body=1" for 127.0.0.1 at 2015-02-04 02:36:33 -0500


Started GET "/assets/jquery_ujs.js?body=1" for 127.0.0.1 at 2015-02-04 02:36:33 -0500


Started GET "/assets/turbolinks.js?body=1" for 127.0.0.1 at 2015-02-04 02:36:33 -0500


Started GET "/assets/widgets.js?body=1" for 127.0.0.1 at 2015-02-04 02:36:33 -0500


Started GET "/assets/application.js?body=1" for 127.0.0.1 at 2015-02-04 02:36:33 -0500


Started GET "/assets/jquery.js?body=1" for 127.0.0.1 at 2015-02-04 02:36:34 -0500


Started GET "/assets/jquery.js?body=1" for 127.0.0.1 at 2015-02-04 02:36:34 -0500
